183b2e40246e3c00761094d0a552699f as.global.com
4d527c4a0d8c71c830aac879ce1a340b cashier.global.com
4d527c4a0d8c71c830aac879ce1a340b common.global.com
165983ee5bd2aa44ad0a0886925757e3 dream.global.com
1d0cda52658877b7bb616452edba4abe feedback.global.com
3371cbd59a990a21641eb7bf68b66528 fleet.global.com
3371cbd59a990a21641eb7bf68b66528 help.global.com
e3eb0a1df437f3f97a64aca5952c8ea0 lion.global.com
d294edd2a340f352fc3b5ba822890701 mail.global.com
165983ee5bd2aa44ad0a0886925757e3 me.global.com
4d527c4a0d8c71c830aac879ce1a340b message.global.com
64b3f527364dfefbbfd613adf7198966 open.global.com
d9f28e9983441517e9dc2d4b64c73178 page.global.com
4d527c4a0d8c71c830aac879ce1a340b pay.global.com
8df4ea95b9d49d70e35a44fd1fd2501e mexico.global.com
64b3f527364dfefbbfd613adf7198966 prime.global.com
3371cbd59a990a21641eb7bf68b66528 share.global.com
64b3f527364dfefbbfd613adf7198966 shepherd.global.com
3371cbd59a990a21641eb7bf68b66528 static.global.com
4f0c78c3163662a8a7ed976a05943d10 star.global.com
d317d734570dd99a3a4dddf1d94d0d6f talent.global.com
42289bd2ca38686b24fb4aba9faa9cbd taxi.global.com
4d527c4a0d8c71c830aac879ce1a340b train.global.com